<?xml version="1.0" encoding="UTF-8"?>
<testng-results skipped="0" failed="1" ignored="0" total="4" passed="3">
  <reporter-output>
  </reporter-output>
  <suite name="JmeterTest" duration-ms="9407" started-at="2017-06-29T09:59:54Z" finished-at="2017-06-29T10:00:03Z">
    <groups>
    </groups>
    <test name="AWS" duration-ms="9407" started-at="2017-06-29T09:59:54Z" finished-at="2017-06-29T10:00:03Z">
      <class name="com.incontact.test.wrapper.jmeter.Configuration.JMeterConfigurator">
        <test-method status="PASS" signature="initializeJMeterEngine()[pri:0, instance:com.incontact.test.wrapper.jmeter.Configuration.JMeterConfigurator@6dc17b83]" name="initializeJMeterEngine" is-config="true" duration-ms="33" started-at="2017-06-29T15:29:54Z" finished-at="2017-06-29T15:29:54Z">
          <reporter-output>
          </reporter-output>
        </test-method> <!-- initializeJMeterEngine -->
        <test-method status="PASS" signature="loadConfigurations()[pri:0, instance:com.incontact.test.configurations.TestConfigurationReader@5e0826e7]" name="loadConfigurations" is-config="true" duration-ms="106" started-at="2017-06-29T15:29:54Z" finished-at="2017-06-29T15:29:54Z">
          <reporter-output>
          </reporter-output>
        </test-method> <!-- loadConfigurations -->
        <test-method status="PASS" signature="createJmeterJmxFile()[pri:0, instance:com.incontact.test.wrapper.jmeter.Configuration.JMeterConfigurator@6dc17b83]" name="createJmeterJmxFile" is-config="true" duration-ms="247" started-at="2017-06-29T15:30:03Z" finished-at="2017-06-29T15:30:04Z">
          <reporter-output>
          </reporter-output>
        </test-method> <!-- createJmeterJmxFile -->
      </class> <!-- com.incontact.test.wrapper.jmeter.Configuration.JMeterConfigurator -->
      <class name="com.incontact.test.testsuite.jmeter.TestSuite_AwsLambdaApiGateway">
        <test-method status="FAIL" signature="TestCase2()[pri:0, instance:com.incontact.test.testsuite.jmeter.TestSuite_AwsLambdaApiGateway@32eff876]" name="TestCase2" duration-ms="3106" started-at="2017-06-29T15:29:54Z" description="ErrorScenario : send http POST method to a AWS Lambda via API gateway, wrong assert" finished-at="2017-06-29T15:29:57Z">
          <exception class="java.lang.AssertionError">
            <message>
              <![CDATA[expected [200] but found [100]]]>
            </message>
            <full-stacktrace>
              <![CDATA[java.lang.AssertionError: expected [200] but found [100]
	at org.testng.Assert.fail(Assert.java:93)
	at org.testng.Assert.failNotEquals(Assert.java:512)
	at org.testng.Assert.assertEqualsImpl(Assert.java:134)
	at org.testng.Assert.assertEquals(Assert.java:115)
	at org.testng.Assert.assertEquals(Assert.java:189)
	at org.testng.Assert.assertEquals(Assert.java:199)
	at com.incontact.test.testsuite.jmeter.TestSuite_AwsLambdaApiGateway.TestCase2(TestSuite_AwsLambdaApiGateway.java:91)
	at sun.reflect.NativeMethodAccessorImpl.invoke0(Native Method)
	at sun.reflect.NativeMethodAccessorImpl.invoke(Unknown Source)
	at sun.reflect.DelegatingMethodAccessorImpl.invoke(Unknown Source)
	at java.lang.reflect.Method.invoke(Unknown Source)
	at org.testng.internal.MethodInvocationHelper.invokeMethod(MethodInvocationHelper.java:108)
	at org.testng.internal.Invoker.invokeMethod(Invoker.java:661)
	at org.testng.internal.Invoker.invokeTestMethod(Invoker.java:869)
	at org.testng.internal.Invoker.invokeTestMethods(Invoker.java:1193)
	at org.testng.internal.TestMethodWorker.invokeTestMethods(TestMethodWorker.java:126)
	at org.testng.internal.TestMethodWorker.run(TestMethodWorker.java:109)
	at org.testng.TestRunner.privateRun(TestRunner.java:744)
	at org.testng.TestRunner.run(TestRunner.java:602)
	at org.testng.SuiteRunner.runTest(SuiteRunner.java:380)
	at org.testng.SuiteRunner.runSequentially(SuiteRunner.java:375)
	at org.testng.SuiteRunner.privateRun(SuiteRunner.java:340)
	at org.testng.SuiteRunner.run(SuiteRunner.java:289)
	at org.testng.SuiteRunnerWorker.runSuite(SuiteRunnerWorker.java:52)
	at org.testng.SuiteRunnerWorker.run(SuiteRunnerWorker.java:86)
	at org.testng.TestNG.runSuitesSequentially(TestNG.java:1301)
	at org.testng.TestNG.runSuitesLocally(TestNG.java:1226)
	at org.testng.TestNG.runSuites(TestNG.java:1144)
	at org.testng.TestNG.run(TestNG.java:1115)
	at org.testng.remote.AbstractRemoteTestNG.run(AbstractRemoteTestNG.java:132)
	at org.testng.remote.RemoteTestNG.initAndRun(RemoteTestNG.java:230)
	at org.testng.remote.RemoteTestNG.main(RemoteTestNG.java:76)
]]>
            </full-stacktrace>
          </exception> <!-- java.lang.AssertionError -->
          <reporter-output>
          </reporter-output>
        </test-method> <!-- TestCase2 -->
        <test-method status="PASS" signature="TestCaseX()[pri:0, instance:com.incontact.test.testsuite.jmeter.TestSuite_AwsLambdaApiGateway@32eff876]" name="TestCaseX" duration-ms="863" started-at="2017-06-29T15:29:57Z" description="wrapper test send http POST method to a AWS Lambda via API gateway" finished-at="2017-06-29T15:29:58Z">
          <reporter-output>
          </reporter-output>
        </test-method> <!-- TestCaseX -->
      </class> <!-- com.incontact.test.testsuite.jmeter.TestSuite_AwsLambdaApiGateway -->
      <class name="com.incontact.test.testsuite.jmeter.TestSuite_RestApiAccess">
        <test-method status="PASS" signature="RestApi_TestCase1()[pri:0, instance:com.incontact.test.testsuite.jmeter.TestSuite_RestApiAccess@6e20b53a]" name="RestApi_TestCase1" duration-ms="1307" started-at="2017-06-29T15:30:02Z" description="send a request to server supporting rest api using HTTP Sampler" finished-at="2017-06-29T15:30:03Z">
          <reporter-output>
          </reporter-output>
        </test-method> <!-- RestApi_TestCase1 -->
      </class> <!-- com.incontact.test.testsuite.jmeter.TestSuite_RestApiAccess -->
      <class name="com.incontact.test.testsuite.jmeter.TestSuite_UserActionsOnWebEmulation">
        <test-method status="PASS" signature="TestCase1_SO()[pri:0, instance:com.incontact.test.testsuite.jmeter.TestSuite_UserActionsOnWebEmulation@8dbdac1]" name="TestCase1_SO" duration-ms="4088" started-at="2017-06-29T15:29:58Z" description="Login @stackoverflow.com" finished-at="2017-06-29T15:30:02Z">
          <reporter-output>
          </reporter-output>
        </test-method> <!-- TestCase1_SO -->
      </class> <!-- com.incontact.test.testsuite.jmeter.TestSuite_UserActionsOnWebEmulation -->
    </test> <!-- AWS -->
  </suite> <!-- JmeterTest -->
</testng-results>
